<?xml version="1.0" encoding="UTF-8"?>
<!-- Generated by org.testng.reporters.JUnitReportReporter -->
<testsuite hostname="LAPTOP-B43NS9G1" failures="0" tests="4" name="cs.cs2" time="28.812" errors="0" timestamp="2022-10-30T15:17:11 IST" skipped="0">
  <testcase classname="cs.cs2" name="testcase1" time="12.177"/>
  <system-out/>
  <testcase classname="cs.cs2" name="testcase2" time="0.655"/>
  <system-out/>
  <testcase classname="cs.cs2" name="testcase3" time="12.157"/>
  <system-out/>
  <testcase classname="cs.cs2" name="testcase4" time="3.823"/>
  <system-out/>
</testsuite> <!-- cs.cs2 -->
